2022.05.14 14:38:21 INFO  ce[][o.s.p.ProcessEntryPoint] Starting Compute Engine
2022.05.14 14:38:21 INFO  ce[][o.s.ce.app.CeServer] Compute Engine starting up...
2022.05.14 14:38:22 INFO  ce[][o.sonar.db.Database] Create JDBC data source for jdbc:h2:tcp://127.0.0.1:9092/sonar;NON_KEYWORDS=VALUE
2022.05.14 14:38:23 WARN  ce[][o.s.db.dialect.H2] H2 database should be used for evaluation purpose only.
2022.05.14 14:38:26 INFO  ce[][o.s.s.p.ServerFileSystemImpl] SonarQube home: /home/vlad/Escritorio/pruebasSonar/sonarqube-9.4.0.54424
2022.05.14 14:38:26 INFO  ce[][o.s.c.c.CePluginRepository] Load plugins
2022.05.14 14:38:29 INFO  ce[][o.s.c.c.ComputeEngineContainerImpl] Running Community edition
2022.05.14 14:38:29 INFO  ce[][o.s.ce.app.CeServer] Compute Engine is started
2022.05.14 14:58:28 INFO  ce[][o.s.c.t.CeWorkerImpl] Execute task | project=pruebaSonar | type=REPORT | id=AYDCphhL7wndnEY6WTFa | submitter=admin
2022.05.14 14:58:28 INFO  ce[AYDCphhL7wndnEY6WTFa][o.s.c.t.s.ComputationStepExecutor] Extract report | status=SUCCESS | time=27ms
2022.05.14 14:58:28 INFO  ce[AYDCphhL7wndnEY6WTFa][o.s.c.t.s.ComputationStepExecutor] Persist scanner context | status=SUCCESS | time=15ms
2022.05.14 14:58:28 INFO  ce[AYDCphhL7wndnEY6WTFa][o.s.c.t.s.ComputationStepExecutor] Propagate analysis warnings from scanner report | status=SUCCESS | time=47ms
2022.05.14 14:58:28 INFO  ce[AYDCphhL7wndnEY6WTFa][o.s.c.t.s.ComputationStepExecutor] Generate analysis UUID | status=SUCCESS | time=0ms
2022.05.14 14:58:29 INFO  ce[AYDCphhL7wndnEY6WTFa][o.s.c.t.s.ComputationStepExecutor] Load analysis metadata | status=SUCCESS | time=126ms
2022.05.14 14:58:29 INFO  ce[AYDCphhL7wndnEY6WTFa][o.s.c.t.s.ComputationStepExecutor] Initialize | status=SUCCESS | time=0ms
2022.05.14 14:58:29 INFO  ce[AYDCphhL7wndnEY6WTFa][o.s.c.t.s.ComputationStepExecutor] Build tree of components | components=5 | status=SUCCESS | time=72ms
2022.05.14 14:58:29 INFO  ce[AYDCphhL7wndnEY6WTFa][o.s.c.t.s.ComputationStepExecutor] Validate project | status=SUCCESS | time=7ms
2022.05.14 14:58:29 INFO  ce[AYDCphhL7wndnEY6WTFa][o.s.s.e.EsClientProvider] Connected to local Elasticsearch: [http://localhost:9001]
2022.05.14 14:58:32 INFO  ce[AYDCphhL7wndnEY6WTFa][o.s.c.t.s.ComputationStepExecutor] Load quality profiles | status=SUCCESS | time=2257ms
2022.05.14 14:58:32 INFO  ce[AYDCphhL7wndnEY6WTFa][o.s.c.t.s.ComputationStepExecutor] Load Quality gate | status=SUCCESS | time=30ms
2022.05.14 14:58:32 INFO  ce[AYDCphhL7wndnEY6WTFa][o.s.c.t.s.ComputationStepExecutor] Load new code period | status=SUCCESS | time=11ms
2022.05.14 14:58:32 INFO  ce[AYDCphhL7wndnEY6WTFa][o.s.c.t.s.ComputationStepExecutor] Detect file moves | status=SUCCESS | time=0ms
2022.05.14 14:58:32 INFO  ce[AYDCphhL7wndnEY6WTFa][o.s.c.t.s.ComputationStepExecutor] Load duplications | duplications=0 | status=SUCCESS | time=6ms
2022.05.14 14:58:32 INFO  ce[AYDCphhL7wndnEY6WTFa][o.s.c.t.s.ComputationStepExecutor] Compute cross project duplications | status=SUCCESS | time=0ms
2022.05.14 14:58:32 INFO  ce[AYDCphhL7wndnEY6WTFa][o.s.c.t.s.ComputationStepExecutor] Compute size measures | status=SUCCESS | time=51ms
2022.05.14 14:58:32 INFO  ce[AYDCphhL7wndnEY6WTFa][o.s.c.t.s.ComputationStepExecutor] Compute new coverage | status=SUCCESS | time=8ms
2022.05.14 14:58:32 INFO  ce[AYDCphhL7wndnEY6WTFa][o.s.c.t.s.ComputationStepExecutor] Compute coverage measures | status=SUCCESS | time=6ms
2022.05.14 14:58:32 INFO  ce[AYDCphhL7wndnEY6WTFa][o.s.c.t.s.ComputationStepExecutor] Compute comment measures | status=SUCCESS | time=6ms
2022.05.14 14:58:32 INFO  ce[AYDCphhL7wndnEY6WTFa][o.s.c.t.s.ComputationStepExecutor] Compute duplication measures | status=SUCCESS | time=2ms
2022.05.14 14:58:32 INFO  ce[AYDCphhL7wndnEY6WTFa][o.s.c.t.s.ComputationStepExecutor] Compute size measures on new code | status=SUCCESS | time=1ms
2022.05.14 14:58:32 INFO  ce[AYDCphhL7wndnEY6WTFa][o.s.c.t.s.ComputationStepExecutor] Compute language distribution | status=SUCCESS | time=28ms
2022.05.14 14:58:32 INFO  ce[AYDCphhL7wndnEY6WTFa][o.s.c.t.s.ComputationStepExecutor] Compute test measures | status=SUCCESS | time=4ms
2022.05.14 14:58:32 INFO  ce[AYDCphhL7wndnEY6WTFa][o.s.c.t.s.ComputationStepExecutor] Compute complexity measures | status=SUCCESS | time=12ms
2022.05.14 14:58:32 INFO  ce[AYDCphhL7wndnEY6WTFa][o.s.c.t.s.ComputationStepExecutor] Load measure computers | status=SUCCESS | time=7ms
2022.05.14 14:58:32 INFO  ce[AYDCphhL7wndnEY6WTFa][o.s.c.t.s.ComputationStepExecutor] Compute Quality Profile status | status=SUCCESS | time=11ms
2022.05.14 14:58:33 INFO  ce[AYDCphhL7wndnEY6WTFa][o.s.c.t.s.ComputationStepExecutor] Execute component visitors | status=SUCCESS | time=801ms
2022.05.14 14:58:33 INFO  ce[AYDCphhL7wndnEY6WTFa][o.s.c.t.s.ComputationStepExecutor] Checks executed after computation of measures | status=SUCCESS | time=1ms
2022.05.14 14:58:33 INFO  ce[AYDCphhL7wndnEY6WTFa][o.s.c.t.s.ComputationStepExecutor] Compute Quality Gate measures | status=SUCCESS | time=18ms
2022.05.14 14:58:33 INFO  ce[AYDCphhL7wndnEY6WTFa][o.s.c.t.s.ComputationStepExecutor] Compute Quality profile measures | status=SUCCESS | time=13ms
2022.05.14 14:58:33 INFO  ce[AYDCphhL7wndnEY6WTFa][o.s.c.t.s.ComputationStepExecutor] Generate Quality profile events | status=SUCCESS | time=3ms
2022.05.14 14:58:33 INFO  ce[AYDCphhL7wndnEY6WTFa][o.s.c.t.s.ComputationStepExecutor] Generate Quality gate events | status=SUCCESS | time=3ms
2022.05.14 14:58:33 INFO  ce[AYDCphhL7wndnEY6WTFa][o.s.c.t.s.ComputationStepExecutor] Check upgrade possibility for not analyzed code files. | status=SUCCESS | time=5ms
2022.05.14 14:58:33 INFO  ce[AYDCphhL7wndnEY6WTFa][o.s.c.t.s.ComputationStepExecutor] Persist scanner analysis cache | status=SUCCESS | time=0ms
2022.05.14 14:58:33 INFO  ce[AYDCphhL7wndnEY6WTFa][o.s.c.t.s.ComputationStepExecutor] Persist components | status=SUCCESS | time=37ms
2022.05.14 14:58:33 INFO  ce[AYDCphhL7wndnEY6WTFa][o.s.c.t.s.ComputationStepExecutor] Persist analysis | status=SUCCESS | time=4ms
2022.05.14 14:58:33 INFO  ce[AYDCphhL7wndnEY6WTFa][o.s.c.t.s.ComputationStepExecutor] Persist analysis properties | status=SUCCESS | time=13ms
2022.05.14 14:58:33 INFO  ce[AYDCphhL7wndnEY6WTFa][o.s.c.t.s.ComputationStepExecutor] Persist measures | inserts=43 | status=SUCCESS | time=44ms
2022.05.14 14:58:34 INFO  ce[AYDCphhL7wndnEY6WTFa][o.s.c.t.s.ComputationStepExecutor] Persist live measures | insertsOrUpdates=159 | status=SUCCESS | time=101ms
2022.05.14 14:58:34 INFO  ce[AYDCphhL7wndnEY6WTFa][o.s.c.t.s.ComputationStepExecutor] Persist duplication data | insertsOrUpdates=0 | status=SUCCESS | time=2ms
2022.05.14 14:58:34 INFO  ce[AYDCphhL7wndnEY6WTFa][o.s.c.t.s.ComputationStepExecutor] Persist new ad hoc Rules | status=SUCCESS | time=1ms
2022.05.14 14:58:34 INFO  ce[AYDCphhL7wndnEY6WTFa][o.s.c.t.s.ComputationStepExecutor] Persist issues | cacheSize=1.2 kB | inserts=3 | updates=0 | merged=0 | status=SUCCESS | time=17ms
2022.05.14 14:58:34 INFO  ce[AYDCphhL7wndnEY6WTFa][o.s.c.t.s.ComputationStepExecutor] Persist project links | status=SUCCESS | time=8ms
2022.05.14 14:58:34 INFO  ce[AYDCphhL7wndnEY6WTFa][o.s.c.t.s.ComputationStepExecutor] Persist events | status=SUCCESS | time=9ms
2022.05.14 14:58:34 INFO  ce[AYDCphhL7wndnEY6WTFa][o.s.c.t.s.ComputationStepExecutor] Persist sources | status=SUCCESS | time=96ms
2022.05.14 14:58:34 INFO  ce[AYDCphhL7wndnEY6WTFa][o.s.c.t.s.ComputationStepExecutor] Persist cross project duplications | status=SUCCESS | time=1ms
2022.05.14 14:58:34 INFO  ce[AYDCphhL7wndnEY6WTFa][o.s.c.t.s.ComputationStepExecutor] Enable analysis | status=SUCCESS | time=5ms
2022.05.14 14:58:34 INFO  ce[AYDCphhL7wndnEY6WTFa][o.s.c.t.s.ComputationStepExecutor] Update last usage date of quality profiles | status=SUCCESS | time=17ms
2022.05.14 14:58:34 INFO  ce[AYDCphhL7wndnEY6WTFa][o.s.c.t.s.ComputationStepExecutor] Purge db | status=SUCCESS | time=274ms
2022.05.14 14:58:34 INFO  ce[AYDCphhL7wndnEY6WTFa][o.s.c.t.s.ComputationStepExecutor] Index analysis | status=SUCCESS | time=380ms
2022.05.14 14:58:34 INFO  ce[AYDCphhL7wndnEY6WTFa][o.s.c.t.s.ComputationStepExecutor] Update need issue sync for branch | status=SUCCESS | time=11ms
2022.05.14 14:58:34 INFO  ce[AYDCphhL7wndnEY6WTFa][o.s.c.t.s.ComputationStepExecutor] Send issue notifications | newIssuesNotifs=0 | newIssuesDeliveries=0 | myNewIssuesNotifs=0 | myNewIssuesDeliveries=0 | changesNotifs=0 | changesDeliveries=0 | status=SUCCESS | time=24ms
2022.05.14 14:58:34 INFO  ce[AYDCphhL7wndnEY6WTFa][o.s.c.t.s.ComputationStepExecutor] Publish task results | status=SUCCESS | time=0ms
2022.05.14 14:58:34 INFO  ce[AYDCphhL7wndnEY6WTFa][o.s.c.t.s.ComputationStepExecutor] Trigger refresh of Portfolios and Applications | status=SUCCESS | time=0ms
2022.05.14 14:58:34 INFO  ce[AYDCphhL7wndnEY6WTFa][o.s.c.t.p.a.p.PostProjectAnalysisTasksExecutor] Webhooks | globalWebhooks=0 | projectWebhooks=0 | status=SUCCESS | time=14ms
2022.05.14 14:58:35 INFO  ce[AYDCphhL7wndnEY6WTFa][o.s.c.t.CeWorkerImpl] Executed task | project=pruebaSonar | type=REPORT | id=AYDCphhL7wndnEY6WTFa | submitter=admin | status=SUCCESS | time=6994ms
2022.05.14 14:58:59 INFO  ce[][o.s.p.ProcessEntryPoint] Gracefully stopping process
2022.05.14 14:58:59 INFO  ce[][o.s.ce.app.CeServer] Compute Engine is stopping...
2022.05.14 14:58:59 INFO  ce[][o.s.c.t.CeProcessingSchedulerImpl] Gracefully stopping workers...
2022.05.14 14:58:59 INFO  ce[][o.s.ce.app.CeServer] Compute Engine is stopped
2022.05.14 15:00:29 INFO  ce[][o.s.p.ProcessEntryPoint] Starting Compute Engine
2022.05.14 15:00:29 INFO  ce[][o.s.ce.app.CeServer] Compute Engine starting up...
2022.05.14 15:00:30 INFO  ce[][o.sonar.db.Database] Create JDBC data source for jdbc:h2:tcp://127.0.0.1:9092/sonar;NON_KEYWORDS=VALUE
2022.05.14 15:00:30 WARN  ce[][o.s.db.dialect.H2] H2 database should be used for evaluation purpose only.
2022.05.14 15:00:33 INFO  ce[][o.s.s.p.ServerFileSystemImpl] SonarQube home: /home/vlad/Escritorio/pruebasSonar/sonarqube-9.4.0.54424
2022.05.14 15:00:34 INFO  ce[][o.s.c.c.CePluginRepository] Load plugins
2022.05.14 15:00:36 INFO  ce[][o.s.c.c.ComputeEngineContainerImpl] Running Community edition
2022.05.14 15:00:36 INFO  ce[][o.s.ce.app.CeServer] Compute Engine is started
2022.05.14 15:02:07 INFO  ce[][o.s.c.t.CeWorkerImpl] Execute task | project=pruebaSonar | type=REPORT | id=AYDCqXQ5x__q9ztFurJW | submitter=admin
2022.05.14 15:02:08 INFO  ce[AYDCqXQ5x__q9ztFurJW][o.s.c.t.s.ComputationStepExecutor] Extract report | status=SUCCESS | time=28ms
2022.05.14 15:02:08 INFO  ce[AYDCqXQ5x__q9ztFurJW][o.s.c.t.s.ComputationStepExecutor] Persist scanner context | status=SUCCESS | time=16ms
2022.05.14 15:02:08 INFO  ce[AYDCqXQ5x__q9ztFurJW][o.s.c.t.s.ComputationStepExecutor] Propagate analysis warnings from scanner report | status=SUCCESS | time=48ms
2022.05.14 15:02:08 INFO  ce[AYDCqXQ5x__q9ztFurJW][o.s.c.t.s.ComputationStepExecutor] Generate analysis UUID | status=SUCCESS | time=0ms
2022.05.14 15:02:08 INFO  ce[AYDCqXQ5x__q9ztFurJW][o.s.c.t.s.ComputationStepExecutor] Load analysis metadata | status=SUCCESS | time=140ms
2022.05.14 15:02:08 INFO  ce[AYDCqXQ5x__q9ztFurJW][o.s.c.t.s.ComputationStepExecutor] Initialize | status=SUCCESS | time=0ms
2022.05.14 15:02:09 INFO  ce[AYDCqXQ5x__q9ztFurJW][o.s.c.t.s.ComputationStepExecutor] Build tree of components | components=5 | status=SUCCESS | time=102ms
2022.05.14 15:02:09 INFO  ce[AYDCqXQ5x__q9ztFurJW][o.s.c.t.s.ComputationStepExecutor] Validate project | status=SUCCESS | time=24ms
2022.05.14 15:02:09 INFO  ce[AYDCqXQ5x__q9ztFurJW][o.s.s.e.EsClientProvider] Connected to local Elasticsearch: [http://localhost:9001]
2022.05.14 15:02:13 INFO  ce[AYDCqXQ5x__q9ztFurJW][o.s.c.t.s.ComputationStepExecutor] Load quality profiles | status=SUCCESS | time=4057ms
2022.05.14 15:02:13 INFO  ce[AYDCqXQ5x__q9ztFurJW][o.s.c.t.s.ComputationStepExecutor] Load Quality gate | status=SUCCESS | time=31ms
2022.05.14 15:02:13 INFO  ce[AYDCqXQ5x__q9ztFurJW][o.s.c.t.s.ComputationStepExecutor] Load new code period | status=SUCCESS | time=25ms
2022.05.14 15:02:13 INFO  ce[AYDCqXQ5x__q9ztFurJW][o.s.c.t.s.ComputationStepExecutor] Detect file moves | reportFiles=2 | dbFiles=2 | addedFiles=0 | status=SUCCESS | time=15ms
2022.05.14 15:02:13 INFO  ce[AYDCqXQ5x__q9ztFurJW][o.s.c.t.s.ComputationStepExecutor] Load duplications | duplications=0 | status=SUCCESS | time=5ms
2022.05.14 15:02:14 INFO  ce[AYDCqXQ5x__q9ztFurJW][o.s.c.t.s.ComputationStepExecutor] Compute cross project duplications | status=SUCCESS | time=0ms
2022.05.14 15:02:14 INFO  ce[AYDCqXQ5x__q9ztFurJW][o.s.c.t.s.ComputationStepExecutor] Compute size measures | status=SUCCESS | time=37ms
2022.05.14 15:02:14 INFO  ce[AYDCqXQ5x__q9ztFurJW][o.s.c.t.s.ComputationStepExecutor] Compute new coverage | status=SUCCESS | time=76ms
2022.05.14 15:02:14 INFO  ce[AYDCqXQ5x__q9ztFurJW][o.s.c.t.s.ComputationStepExecutor] Compute coverage measures | status=SUCCESS | time=4ms
2022.05.14 15:02:14 INFO  ce[AYDCqXQ5x__q9ztFurJW][o.s.c.t.s.ComputationStepExecutor] Compute comment measures | status=SUCCESS | time=1ms
2022.05.14 15:02:14 INFO  ce[AYDCqXQ5x__q9ztFurJW][o.s.c.t.s.ComputationStepExecutor] Compute duplication measures | status=SUCCESS | time=1ms
2022.05.14 15:02:14 INFO  ce[AYDCqXQ5x__q9ztFurJW][o.s.c.t.s.ComputationStepExecutor] Compute size measures on new code | status=SUCCESS | time=2ms
2022.05.14 15:02:14 INFO  ce[AYDCqXQ5x__q9ztFurJW][o.s.c.t.s.ComputationStepExecutor] Compute language distribution | status=SUCCESS | time=22ms
2022.05.14 15:02:14 INFO  ce[AYDCqXQ5x__q9ztFurJW][o.s.c.t.s.ComputationStepExecutor] Compute test measures | status=SUCCESS | time=2ms
2022.05.14 15:02:14 INFO  ce[AYDCqXQ5x__q9ztFurJW][o.s.c.t.s.ComputationStepExecutor] Compute complexity measures | status=SUCCESS | time=7ms
2022.05.14 15:02:14 INFO  ce[AYDCqXQ5x__q9ztFurJW][o.s.c.t.s.ComputationStepExecutor] Load measure computers | status=SUCCESS | time=6ms
2022.05.14 15:02:14 INFO  ce[AYDCqXQ5x__q9ztFurJW][o.s.c.t.s.ComputationStepExecutor] Compute Quality Profile status | status=SUCCESS | time=37ms
2022.05.14 15:02:14 INFO  ce[AYDCqXQ5x__q9ztFurJW][o.s.c.t.s.ComputationStepExecutor] Execute component visitors | status=SUCCESS | time=160ms
2022.05.14 15:02:14 INFO  ce[AYDCqXQ5x__q9ztFurJW][o.s.c.t.s.ComputationStepExecutor] Checks executed after computation of measures | status=SUCCESS | time=1ms
2022.05.14 15:02:14 INFO  ce[AYDCqXQ5x__q9ztFurJW][o.s.c.t.s.ComputationStepExecutor] Compute Quality Gate measures | status=SUCCESS | time=18ms
2022.05.14 15:02:14 INFO  ce[AYDCqXQ5x__q9ztFurJW][o.s.c.t.s.ComputationStepExecutor] Compute Quality profile measures | status=SUCCESS | time=5ms
2022.05.14 15:02:14 INFO  ce[AYDCqXQ5x__q9ztFurJW][o.s.c.t.s.ComputationStepExecutor] Generate Quality profile events | status=SUCCESS | time=9ms
2022.05.14 15:02:14 INFO  ce[AYDCqXQ5x__q9ztFurJW][o.s.c.t.s.ComputationStepExecutor] Generate Quality gate events | status=SUCCESS | time=4ms
2022.05.14 15:02:14 INFO  ce[AYDCqXQ5x__q9ztFurJW][o.s.c.t.s.ComputationStepExecutor] Check upgrade possibility for not analyzed code files. | status=SUCCESS | time=3ms
2022.05.14 15:02:14 INFO  ce[AYDCqXQ5x__q9ztFurJW][o.s.c.t.s.ComputationStepExecutor] Persist scanner analysis cache | status=SUCCESS | time=0ms
2022.05.14 15:02:14 INFO  ce[AYDCqXQ5x__q9ztFurJW][o.s.c.t.s.ComputationStepExecutor] Persist components | status=SUCCESS | time=47ms
2022.05.14 15:02:14 INFO  ce[AYDCqXQ5x__q9ztFurJW][o.s.c.t.s.ComputationStepExecutor] Persist analysis | status=SUCCESS | time=8ms
2022.05.14 15:02:14 INFO  ce[AYDCqXQ5x__q9ztFurJW][o.s.c.t.s.ComputationStepExecutor] Persist analysis properties | status=SUCCESS | time=12ms
2022.05.14 15:02:14 INFO  ce[AYDCqXQ5x__q9ztFurJW][o.s.c.t.s.ComputationStepExecutor] Persist measures | inserts=45 | status=SUCCESS | time=68ms
2022.05.14 15:02:15 INFO  ce[AYDCqXQ5x__q9ztFurJW][o.s.c.t.s.ComputationStepExecutor] Persist live measures | insertsOrUpdates=251 | status=SUCCESS | time=222ms
2022.05.14 15:02:15 INFO  ce[AYDCqXQ5x__q9ztFurJW][o.s.c.t.s.ComputationStepExecutor] Persist duplication data | insertsOrUpdates=0 | status=SUCCESS | time=1ms
2022.05.14 15:02:15 INFO  ce[AYDCqXQ5x__q9ztFurJW][o.s.c.t.s.ComputationStepExecutor] Persist new ad hoc Rules | status=SUCCESS | time=1ms
2022.05.14 15:02:15 INFO  ce[AYDCqXQ5x__q9ztFurJW][o.s.c.t.s.ComputationStepExecutor] Persist issues | cacheSize=0 bytes | inserts=0 | updates=0 | merged=0 | status=SUCCESS | time=10ms
2022.05.14 15:02:15 INFO  ce[AYDCqXQ5x__q9ztFurJW][o.s.c.t.s.ComputationStepExecutor] Persist project links | status=SUCCESS | time=8ms
2022.05.14 15:02:15 INFO  ce[AYDCqXQ5x__q9ztFurJW][o.s.c.t.s.ComputationStepExecutor] Persist events | status=SUCCESS | time=10ms
2022.05.14 15:02:15 INFO  ce[AYDCqXQ5x__q9ztFurJW][o.s.c.t.s.ComputationStepExecutor] Persist sources | status=SUCCESS | time=72ms
2022.05.14 15:02:15 INFO  ce[AYDCqXQ5x__q9ztFurJW][o.s.c.t.s.ComputationStepExecutor] Persist cross project duplications | status=SUCCESS | time=0ms
2022.05.14 15:02:15 INFO  ce[AYDCqXQ5x__q9ztFurJW][o.s.c.t.s.ComputationStepExecutor] Enable analysis | status=SUCCESS | time=8ms
2022.05.14 15:02:15 INFO  ce[AYDCqXQ5x__q9ztFurJW][o.s.c.t.s.ComputationStepExecutor] Update last usage date of quality profiles | status=SUCCESS | time=17ms
2022.05.14 15:02:15 INFO  ce[AYDCqXQ5x__q9ztFurJW][o.s.c.t.s.ComputationStepExecutor] Purge db | status=SUCCESS | time=528ms
2022.05.14 15:02:16 INFO  ce[AYDCqXQ5x__q9ztFurJW][o.s.c.t.s.ComputationStepExecutor] Index analysis | status=SUCCESS | time=720ms
2022.05.14 15:02:16 INFO  ce[AYDCqXQ5x__q9ztFurJW][o.s.c.t.s.ComputationStepExecutor] Update need issue sync for branch | status=SUCCESS | time=4ms
2022.05.14 15:02:16 INFO  ce[AYDCqXQ5x__q9ztFurJW][o.s.c.t.s.ComputationStepExecutor] Send issue notifications | newIssuesNotifs=0 | newIssuesDeliveries=0 | myNewIssuesNotifs=0 | myNewIssuesDeliveries=0 | changesNotifs=0 | changesDeliveries=0 | status=SUCCESS | time=10ms
2022.05.14 15:02:16 INFO  ce[AYDCqXQ5x__q9ztFurJW][o.s.c.t.s.ComputationStepExecutor] Publish task results | status=SUCCESS | time=1ms
2022.05.14 15:02:16 INFO  ce[AYDCqXQ5x__q9ztFurJW][o.s.c.t.s.ComputationStepExecutor] Trigger refresh of Portfolios and Applications | status=SUCCESS | time=0ms
2022.05.14 15:02:16 INFO  ce[AYDCqXQ5x__q9ztFurJW][o.s.c.t.p.a.p.PostProjectAnalysisTasksExecutor] Webhooks | globalWebhooks=0 | projectWebhooks=0 | status=SUCCESS | time=14ms
2022.05.14 15:02:16 INFO  ce[AYDCqXQ5x__q9ztFurJW][o.s.c.t.CeWorkerImpl] Executed task | project=pruebaSonar | type=REPORT | id=AYDCqXQ5x__q9ztFurJW | submitter=admin | status=SUCCESS | time=8742ms
2022.05.14 18:58:36 INFO  ce[][o.s.p.ProcessEntryPoint] Gracefully stopping process
2022.05.14 18:58:36 INFO  ce[][o.s.ce.app.CeServer] Compute Engine is stopping...
2022.05.14 18:58:36 INFO  ce[][o.s.c.t.CeProcessingSchedulerImpl] Gracefully stopping workers...
2022.05.14 18:58:36 INFO  ce[][o.s.ce.app.CeServer] Compute Engine is stopped
